<?xml version="1.0" encoding="utf-8"?><testsuites name="pytest tests"><testsuite name="pytest" errors="0" failures="0" skipped="0" tests="71" time="0.239" timestamp="2026-09-19T17:00:00.558044+07:00" hostname="MSI"><testcase classname="tests.test_benchmark" name="test_official_queries_match_member_log" time="0.005" /><testcase classname="tests.test_benchmark" name="test_log_import_rejects_inconsistent_totals" time="0.002" /><testcase classname="tests.test_benchmark" name="test_evidence_alternative_source_and_secondary_marker" time="0.001" /><testcase classname="tests.test_benchmark" name="test_multi_chunk_coverage_is_not_same_as_primary_rank" time="0.001" /><testcase classname="tests.test_benchmark" name="test_extractive_preserves_list_details_and_negation" time="0.000" /><testcase classname="tests.test_edge_cases" name="test_fixed_invalid_window[0-0]" time="0.001" /><testcase classname="tests.test_edge_cases" name="test_fixed_invalid_window[-1-0]" time="0.001" /><testcase classname="tests.test_edge_cases" name="test_fixed_invalid_window[10-10]" time="0.001" /><testcase classname="tests.test_edge_cases" name="test_fixed_invalid_window[10--1]" time="0.001" /><testcase classname="tests.test_edge_cases" name="test_recursive_preserves_text_and_bounds[None]" time="0.001" /><testcase classname="tests.test_edge_cases" name="test_recursive_preserves_text_and_bounds[separators1]" time="0.000" /><testcase classname="tests.test_edge_cases" name="test_recursive_preserves_text_and_bounds[separators2]" time="0.001" /><testcase classname="tests.test_edge_cases" name="test_recursive_preserves_text_and_bounds[separators3]" time="0.000" /><testcase classname="tests.test_edge_cases" name="test_heading_retains_context_for_long_sections" time="0.001" /><testcase classname="tests.test_edge_cases" name="test_empty_comparison" time="0.001" /><testcase classname="tests.test_edge_cases" name="test_cosine_rejects_invalid_vectors_and_handles_large_values" time="0.001" /><testcase classname="tests.test_edge_cases" name="test_prefilter_runs_before_top_k_and_matches_all_keys" time="0.001" /><testcase classname="tests.test_edge_cases" name="test_duplicate_ids_delete_all_and_isolate_metadata" time="0.001" /><testcase classname="tests.test_edge_cases" name="test_add_is_atomic_on_embedding_failure" time="0.000" /><testcase classname="tests.test_edge_cases" name="test_vector_dimension_changes_rejected_atomically" time="0.000" /><testcase classname="tests.test_edge_cases" name="test_concurrent_writes_have_unique_records" time="0.005" /><testcase classname="tests.test_edge_cases" name="test_nonpositive_k_and_blank_query" time="0.000" /><testcase classname="tests.test_edge_cases" name="test_agent_propagates_filter_and_limits_context" time="0.001" /><testcase classname="tests.test_edge_cases" name="test_actual_corpus_ingestion_and_citations" time="0.068" /><testcase classname="tests.test_edge_cases" name="test_corpus_rejects_missing_metadata" time="0.008" /><testcase classname="tests.test_edge_cases" name="test_tfidf_is_normalized_and_handles_unknown_terms" time="0.001" /><testcase classname="tests.test_member_import" name="test_dung_log_totals_and_multiline_answer" time="0.003" /><testcase classname="tests.test_member_import" name="test_dung_import_rejects_incorrect_totals" time="0.002" /><testcase classname="tests.test_member_import" name="test_dung_import_requires_ablation" time="0.002" /><testcase classname="tests.test_solution.TestProjectStructure" name="test_root_main_entrypoint_exists" time="0.001" /><testcase classname="tests.test_solution.TestProjectStructure" name="test_src_package_exists" time="0.001" /><testcase classname="tests.test_solution.TestClassBasedInterfaces" name="test_chunker_classes_exist" time="0.001" /><testcase classname="tests.test_solution.TestClassBasedInterfaces" name="test_mock_embedder_exists" time="0.001" /><testcase classname="tests.test_solution.TestFixedSizeChunker" name="test_chunks_respect_size" time="0.001" /><testcase classname="tests.test_solution.TestFixedSizeChunker" name="test_correct_number_of_chunks_no_overlap" time="0.001" /><testcase classname="tests.test_solution.TestFixedSizeChunker" name="test_empty_text_returns_empty_list" time="0.001" /><testcase classname="tests.test_solution.TestFixedSizeChunker" name="test_no_overlap_no_shared_content" time="0.001" /><testcase classname="tests.test_solution.TestFixedSizeChunker" name="test_overlap_creates_shared_content" time="0.001" /><testcase classname="tests.test_solution.TestFixedSizeChunker" name="test_returns_list" time="0.001" /><testcase classname="tests.test_solution.TestFixedSizeChunker" name="test_single_chunk_if_text_shorter" time="0.001" /><testcase classname="tests.test_solution.TestSentenceChunker" name="test_chunks_are_strings" time="0.001" /><testcase classname="tests.test_solution.TestSentenceChunker" name="test_respects_max_sentences" time="0.001" /><testcase classname="tests.test_solution.TestSentenceChunker" name="test_returns_list" time="0.001" /><testcase classname="tests.test_solution.TestSentenceChunker" name="test_single_sentence_max_gives_many_chunks" time="0.001" /><testcase classname="tests.test_solution.TestRecursiveChunker" name="test_chunks_within_size_when_possible" time="0.001" /><testcase classname="tests.test_solution.TestRecursiveChunker" name="test_empty_separators_falls_back_gracefully" time="0.001" /><testcase classname="tests.test_solution.TestRecursiveChunker" name="test_handles_double_newline_separator" time="0.000" /><testcase classname="tests.test_solution.TestRecursiveChunker" name="test_returns_list" time="0.001" /><testcase classname="tests.test_solution.TestEmbeddingStore" name="test_add_documents_increases_size" time="0.001" /><testcase classname="tests.test_solution.TestEmbeddingStore" name="test_add_more_increases_further" time="0.001" /><testcase classname="tests.test_solution.TestEmbeddingStore" name="test_initial_size_is_zero" time="0.000" /><testcase classname="tests.test_solution.TestEmbeddingStore" name="test_search_results_have_content_key" time="0.001" /><testcase classname="tests.test_solution.TestEmbeddingStore" name="test_search_results_have_score_key" time="0.001" /><testcase classname="tests.test_solution.TestEmbeddingStore" name="test_search_results_sorted_by_score_descending" time="0.001" /><testcase classname="tests.test_solution.TestEmbeddingStore" name="test_search_returns_at_most_top_k" time="0.001" /><testcase classname="tests.test_solution.TestEmbeddingStore" name="test_search_returns_list" time="0.001" /><testcase classname="tests.test_solution.TestKnowledgeBaseAgent" name="test_answer_non_empty" time="0.001" /><testcase classname="tests.test_solution.TestKnowledgeBaseAgent" name="test_answer_returns_string" time="0.001" /><testcase classname="tests.test_solution.TestComputeSimilarity" name="test_identical_vectors_return_1" time="0.001" /><testcase classname="tests.test_solution.TestComputeSimilarity" name="test_opposite_vectors_return_minus_1" time="0.001" /><testcase classname="tests.test_solution.TestComputeSimilarity" name="test_orthogonal_vectors_return_0" time="0.000" /><testcase classname="tests.test_solution.TestComputeSimilarity" name="test_zero_vector_returns_0" time="0.000" /><testcase classname="tests.test_solution.TestCompareChunkingStrategies" name="test_counts_are_positive" time="0.001" /><testcase classname="tests.test_solution.TestCompareChunkingStrategies" name="test_each_strategy_has_count_and_avg_length" time="0.001" /><testcase classname="tests.test_solution.TestCompareChunkingStrategies" name="test_returns_three_strategies" time="0.001" /><testcase classname="tests.test_solution.TestEmbeddingStoreSearchWithFilter" name="test_filter_by_department" time="0.001" /><testcase classname="tests.test_solution.TestEmbeddingStoreSearchWithFilter" name="test_no_filter_returns_all_candidates" time="0.001" /><testcase classname="tests.test_solution.TestEmbeddingStoreSearchWithFilter" name="test_returns_at_most_top_k" time="0.001" /><testcase classname="tests.test_solution.TestEmbeddingStoreDeleteDocument" name="test_delete_reduces_collection_size" time="0.001" /><testcase classname="tests.test_solution.TestEmbeddingStoreDeleteDocument" name="test_delete_returns_false_for_nonexistent_doc" time="0.001" /><testcase classname="tests.test_solution.TestEmbeddingStoreDeleteDocument" name="test_delete_returns_true_for_existing_doc" time="0.001" /></testsuite></testsuites>